<?xml version="1.0" encoding="UTF-8"?>
<!-- Generated by org.testng.reporters.JUnitReportReporter -->
<testsuite hostname="DESKTOP-HTOPON3" failures="0" tests="3" name="Module_generic_Org_test.createOragnizationtc_01Test" time="108.523" errors="0" timestamp="2024-12-27T17:09:40 IST" skipped="0">
  <testcase classname="Module_generic_Org_test.createOragnizationtc_01Test" name="createorganizationtc_03WithPhoneNumberTest" time="19.140"/>
  <system-out/>
  <testcase classname="Module_generic_Org_test.createOragnizationtc_01Test" name="createOragnizationtc_02withIndustriesTest" time="48.589"/>
  <system-out/>
  <testcase classname="Module_generic_Org_test.createOragnizationtc_01Test" name="deleteOrgTest" time="40.794"/>
  <system-out/>
</testsuite> <!-- Module_generic_Org_test.createOragnizationtc_01Test -->
