<?xml version="1.0" encoding="UTF-8"?>
<!-- Generated by org.testng.reporters.JUnitReportReporter -->
<testsuite hostname="DESKTOP-HTOPON3" failures="0" tests="4" name="Module_generic_Org_test.createOragnizationtc_01Test" time="218.151" errors="0" timestamp="2024-12-19T15:43:47 IST" skipped="0">
  <testcase classname="Module_generic_Org_test.createOragnizationtc_01Test" name="deleteOrgTest" time="54.932"/>
  <system-out/>
  <testcase classname="Module_generic_Org_test.createOragnizationtc_01Test" name="createOragnizationtc_01Test" time="93.409"/>
  <system-out/>
  <testcase classname="Module_generic_Org_test.createOragnizationtc_01Test" name="createOragnizationtc_02withIndustriesTest" time="28.977"/>
  <system-out/>
  <testcase classname="Module_generic_Org_test.createOragnizationtc_01Test" name="createorganizationtc_03WithPhoneNumberTest" time="40.833"/>
  <system-out/>
</testsuite> <!-- Module_generic_Org_test.createOragnizationtc_01Test -->
