<?xml version="1.0" encoding="UTF-8"?>
<!-- Generated by org.testng.reporters.JUnitReportReporter -->
<testsuite hostname="DESKTOP-HTOPON3" failures="0" tests="1" name="ListnerPract.Listner_Invoice_PractTest" time="14.749" errors="0" timestamp="2024-12-17T15:16:25 IST" skipped="0">
  <testcase classname="ListnerPract.Listner_Invoice_PractTest" name="createInvoiceTest" time="14.749"/>
  <system-out/>
</testsuite> <!-- ListnerPract.Listner_Invoice_PractTest -->
