<?xml version="1.0" encoding="UTF-8"?>
<!-- Generated by org.testng.reporters.JUnitReportReporter -->
<testsuite hostname="DESKTOP-HTOPON3" failures="0" tests="2" name="testngPractice.configClass" time="0.024" errors="0" timestamp="2024-12-14T14:06:48 IST" skipped="0">
  <testcase classname="testngPractice.configClass" name="createContact" time="0.018"/>
  <system-out/>
  <testcase classname="testngPractice.configClass" name="createContactwithDate" time="0.006"/>
  <system-out/>
</testsuite> <!-- testngPractice.configClass -->
