<?xml version="1.0" encoding="UTF-8"?>
<!-- Generated by org.testng.reporters.JUnitReportReporter -->
<testsuite hostname="DESKTOP-HTOPON3" failures="0" tests="3" name="testngPractice.CreateContact_Dp_Test" time="0.030" errors="0" timestamp="2024-12-14T11:51:21 IST" skipped="0">
  <testcase classname="testngPractice.CreateContact_Dp_Test" name="createContactTest" time="0.007"/>
  <system-out/>
  <testcase classname="testngPractice.CreateContact_Dp_Test" name="createContactTest" time="0.020"/>
  <system-out/>
  <testcase classname="testngPractice.CreateContact_Dp_Test" name="createContactTest" time="0.003"/>
  <system-out/>
</testsuite> <!-- testngPractice.CreateContact_Dp_Test -->
