<?xml version="1.0" encoding="UTF-8"?>
<!-- Generated by org.testng.reporters.JUnitReportReporter -->
<testsuite hostname="DESKTOP-HTOPON3" failures="0" tests="3" name="testngPractice.getProductInfo" time="71.294" errors="0" timestamp="2024-12-14T13:01:38 IST" skipped="0">
  <testcase classname="testngPractice.getProductInfo" name="getProductInfoTest" time="17.636"/>
  <system-out/>
  <testcase classname="testngPractice.getProductInfo" name="getProductInfoTest" time="15.455"/>
  <system-out/>
  <testcase classname="testngPractice.getProductInfo" name="getProductInfoTest" time="38.203"/>
  <system-out/>
</testsuite> <!-- testngPractice.getProductInfo -->
