<?xml version="1.0" encoding="UTF-8"?>
<!-- Generated by org.testng.reporters.JUnitReportReporter -->
<testsuite hostname="DESKTOP-HTOPON3" failures="0" tests="2" name="Modulegeneric_Contact_test.createContact_tc_01Test" time="83.573" errors="0" timestamp="2024-12-27T17:09:40 IST" skipped="0">
  <testcase classname="Modulegeneric_Contact_test.createContact_tc_01Test" name="createContact_tc_02withSupportDateTest" time="42.564"/>
  <system-out/>
  <testcase classname="Modulegeneric_Contact_test.createContact_tc_01Test" name="createContact_tc_03_withOrgTest" time="41.009"/>
  <system-out/>
</testsuite> <!-- Modulegeneric_Contact_test.createContact_tc_01Test -->
