<?xml version="1.0" encoding="UTF-8"?>
<!-- Generated by org.testng.reporters.JUnitReportReporter -->
<testsuite hostname="DESKTOP-HTOPON3" failures="0" tests="3" name="testngPractice.OrgModuleTest" time="0.025" errors="0" timestamp="2024-12-13T15:19:19 IST" skipped="0">
  <testcase classname="testngPractice.OrgModuleTest" name="createOrgTest" time="0.019"/>
  <system-out/>
  <testcase classname="testngPractice.OrgModuleTest" name="modifyOrgTest" time="0.003"/>
  <system-out/>
  <testcase classname="testngPractice.OrgModuleTest" name="deleteOrgTest" time="0.003"/>
  <system-out/>
</testsuite> <!-- testngPractice.OrgModuleTest -->
