<?xml version="1.0" encoding="UTF-8"?>
<!-- Generated by org.testng.reporters.JUnitReportReporter -->
<testsuite hostname="DESKTOP-HTOPON3" failures="0" tests="1" name="testngPracticecreatecontactwithdate.createcontactwithdate" time="0.012" errors="0" timestamp="2024-12-14T14:44:21 IST" skipped="0">
  <testcase classname="testngPracticecreatecontactwithdate.createcontactwithdate" name="createContactwithDate" time="0.012"/>
  <system-out/>
</testsuite> <!-- testngPracticecreatecontactwithdate.createcontactwithdate -->
