<?xml version="1.0" encoding="UTF-8"?>
<!-- Generated by org.testng.reporters.JUnitReportReporter -->
<testsuite hostname="DESKTOP-HTOPON3" failures="0" tests="1" name="testngPracticecreatecontact.createcontacttest" time="0.023" errors="0" timestamp="2024-12-14T14:44:21 IST" skipped="0">
  <testcase classname="testngPracticecreatecontact.createcontacttest" name="createContact" time="0.023"/>
  <system-out/>
</testsuite> <!-- testngPracticecreatecontact.createcontacttest -->
