<?xml version="1.0" encoding="UTF-8"?>
<!-- Generated by org.testng.reporters.JUnitReportReporter -->
<testsuite hostname="DESKTOP-HTOPON3" failures="0" tests="3" name="Modulegeneric_Contact_test.createContact_tc_01Test" time="202.760" errors="0" timestamp="2024-12-19T15:43:47 IST" skipped="0">
  <testcase classname="Modulegeneric_Contact_test.createContact_tc_01Test" name="createContact_tc_01Test" time="57.387"/>
  <system-out/>
  <testcase classname="Modulegeneric_Contact_test.createContact_tc_01Test" name="createContact_tc_03_withOrgTest" time="72.043"/>
  <system-out/>
  <testcase classname="Modulegeneric_Contact_test.createContact_tc_01Test" name="createContact_tc_02withSupportDateTest" time="73.330"/>
  <system-out/>
</testsuite> <!-- Modulegeneric_Contact_test.createContact_tc_01Test -->
